0 info it worked if it ends with ok
1 verbose cli [ 'node', '/usr/local/bin/npm', 'start' ]
<<<<<<< HEAD
2 info using npm@2.5.1
3 info using node@v0.12.0
=======
2 info using npm@1.4.28
3 info using node@v0.10.36
>>>>>>> b6ee36be20684e26042e3b875c4dc4ac999f9596
4 verbose run-script [ 'prestart', 'start', 'poststart' ]
5 info prestart express-example@0.0.0
6 info start express-example@0.0.0
7 verbose unsafe-perm in lifecycle true
8 info express-example@0.0.0 Failed to exec start script
<<<<<<< HEAD
9 verbose stack Error: express-example@0.0.0 start: `node ./bin/www`
9 verbose stack Exit status 1
9 verbose stack     at EventEmitter.<anonymous> (/usr/local/lib/node_modules/npm/lib/utils/lifecycle.js:213:16)
9 verbose stack     at EventEmitter.emit (events.js:110:17)
9 verbose stack     at ChildProcess.<anonymous> (/usr/local/lib/node_modules/npm/lib/utils/spawn.js:14:12)
9 verbose stack     at ChildProcess.emit (events.js:110:17)
9 verbose stack     at maybeClose (child_process.js:1008:16)
9 verbose stack     at Process.ChildProcess._handle.onexit (child_process.js:1080:5)
10 verbose pkgid express-example@0.0.0
11 verbose cwd /Users/Sophia/Desktop/FSE-S15-A1-SSNoC
12 error Darwin 13.1.0
13 error argv "node" "/usr/local/bin/npm" "start"
14 error node v0.12.0
15 error npm  v2.5.1
16 error code ELIFECYCLE
17 error express-example@0.0.0 start: `node ./bin/www`
17 error Exit status 1
18 error Failed at the express-example@0.0.0 start script 'node ./bin/www'.
18 error This is most likely a problem with the express-example package,
18 error not with npm itself.
18 error Tell the author that this fails on your system:
18 error     node ./bin/www
18 error You can get their info via:
18 error     npm owner ls express-example
18 error There is likely additional logging output above.
19 verbose exit [ 1, true ]
=======
9 error express-example@0.0.0 start: `node ./bin/www`
9 error Exit status 8
10 error Failed at the express-example@0.0.0 start script.
10 error This is most likely a problem with the express-example package,
10 error not with npm itself.
10 error Tell the author that this fails on your system:
10 error     node ./bin/www
10 error You can get their info via:
10 error     npm owner ls express-example
10 error There is likely additional logging output above.
11 error System Darwin 13.3.0
12 error command "node" "/usr/local/bin/npm" "start"
13 error cwd /Users/dongchen/Documents/FSE-S15-A1-SSNoC
14 error node -v v0.10.36
15 error npm -v 1.4.28
16 error code ELIFECYCLE
17 verbose exit [ 1, true ]
>>>>>>> b6ee36be20684e26042e3b875c4dc4ac999f9596
